
/home/runner/work/exp-position-analysis-elliptical-trammel-nitk/exp-position-analysis-elliptical-trammel-nitk/experiment/simulation/js/MOMscript.js
   22:10  warning  'point' is defined but never used       no-unused-vars
   30:10  warning  'pointtrans' is defined but never used  no-unused-vars
   38:10  warning  'pointdisp' is defined but never used   no-unused-vars
   88:10  warning  'pointdist' is defined but never used   no-unused-vars
   94:10  warning  'pointjoin' is defined but never used   no-unused-vars
  109:10  warning  'pointtrace' is defined but never used  no-unused-vars
  127:10  warning  'deg' is defined but never used         no-unused-vars
  137:10  warning  'drawrect' is defined but never used    no-unused-vars
  157:10  warning  'drawArrow' is defined but never used   no-unused-vars
  173:10  warning  'signof' is defined but never used      no-unused-vars
  179:10  warning  'roundd' is defined but never used      no-unused-vars
  185:10  warning  'plotgraph' is defined but never used   no-unused-vars
  195:1   warning  'i' is not defined                      no-undef
  197:7   warning  'i' is not defined                      no-undef
  199:20  warning  'i' is not defined                      no-undef
  199:27  warning  'i' is not defined                      no-undef
  200:2   warning  'i' is not defined                      no-undef
  201:6   warning  'i' is not defined                      no-undef
  204:3   warning  'i' is not defined                      no-undef
  204:5   warning  'i' is not defined                      no-undef

/home/runner/work/exp-position-analysis-elliptical-trammel-nitk/exp-position-analysis-elliptical-trammel-nitk/experiment/simulation/js/dpi.js
  39:5  error  Parsing error: Identifier 'canvas' has already been declared

/home/runner/work/exp-position-analysis-elliptical-trammel-nitk/exp-position-analysis-elliptical-trammel-nitk/experiment/simulation/js/jquery-3.6.0.js
     17:44  warning  'module' is not defined                                                    no-undef
     25:5   warning  'module' is not defined                                                    no-undef
    142:13  warning  'Symbol' is already defined as a built-in global variable                  no-redeclare
    717:22  warning  Unexpected control character(s) in regular expression: \x1f, \x1f          no-control-regex
    779:50  warning  Empty block statement                                                      no-empty
   2185:38  warning  Do not access Object.prototype method 'hasOwnProperty' from target object  no-prototype-builtins
   3205:16  warning  Unnecessary escape character: \/                                           no-useless-escape
   3507:52  warning  Empty block statement                                                      no-empty
   4584:21  warning  Empty block statement                                                      no-empty
   5051:28  warning  Unnecessary escape character: \/                                           no-useless-escape
   5268:19  warning  Empty block statement                                                      no-empty
   6564:25  warning  Empty block statement                                                      no-empty
   9171:17  warning  Empty block statement                                                      no-empty
   9819:28  warning  'urlAnchor.href' is assigned to itself                                     no-self-assign
  10269:17  warning  Empty block statement                                                      no-empty
  11162:39  warning  'define' is not defined                                                    no-undef
  11163:5   warning  'define' is not defined                                                    no-undef

/home/runner/work/exp-position-analysis-elliptical-trammel-nitk/exp-position-analysis-elliptical-trammel-nitk/experiment/simulation/js/jquery-ui.js
      9:39  warning  'define' is not defined                                      no-undef
     11:5   warning  'define' is not defined                                      no-undef
     14:13  warning  'jQuery' is not defined                                      no-undef
     21:7   warning  'version' is assigned a value but never used                 no-unused-vars
    797:7   warning  'widget' is assigned a value but never used                  no-unused-vars
    822:19  warning  Unnecessary escape character: \+                             no-useless-escape
    822:21  warning  Unnecessary escape character: \-                             no-useless-escape
   1365:7   warning  'position' is assigned a value but never used                no-unused-vars
   1381:7   warning  'data' is assigned a value but never used                    no-unused-vars
   1410:7   warning  'disableSelection' is assigned a value but never used        no-unused-vars
   1452:23  warning  Unnecessary escape character: \-                             no-useless-escape
   1462:39  warning  Unnecessary escape character: \%                             no-useless-escape
   1462:63  warning  Unnecessary escape character: \%                             no-useless-escape
   1462:87  warning  Unnecessary escape character: \%                             no-useless-escape
   1499:61  warning  Unnecessary escape character: \%                             no-useless-escape
   1499:85  warning  Unnecessary escape character: \%                             no-useless-escape
   2078:29  warning  Empty block statement                                        no-empty
   3120:63  warning  Empty block statement                                        no-empty
   3156:7   warning  'effectsEffectBlind' is assigned a value but never used      no-unused-vars
   3217:7   warning  'effectsEffectBounce' is assigned a value but never used     no-unused-vars
   3309:7   warning  'effectsEffectClip' is assigned a value but never used       no-unused-vars
   3360:7   warning  'effectsEffectDrop' is assigned a value but never used       no-unused-vars
   3418:7   warning  'effectsEffectExplode' is assigned a value but never used    no-unused-vars
   3523:7   warning  'effectsEffectFade' is assigned a value but never used       no-unused-vars
   3560:7   warning  'effectsEffectFold' is assigned a value but never used       no-unused-vars
   3639:7   warning  'effectsEffectHighlight' is assigned a value but never used  no-unused-vars
   3683:7   warning  'effectsEffectSize' is assigned a value but never used       no-unused-vars
   3884:7   warning  'effectsEffectScale' is assigned a value but never used      no-unused-vars
   3929:7   warning  'effectsEffectPuff' is assigned a value but never used       no-unused-vars
   3957:7   warning  'effectsEffectPulsate' is assigned a value but never used    no-unused-vars
   4007:7   warning  'effectsEffectShake' is assigned a value but never used      no-unused-vars
   4062:7   warning  'effectsEffectSlide' is assigned a value but never used      no-unused-vars
   4127:7   warning  'effect' is already defined                                  no-redeclare
   4133:7   warning  'effectsEffectTransfer' is assigned a value but never used   no-unused-vars
   4209:7   warning  'focusable' is assigned a value but never used               no-unused-vars
   4214:7   warning  'form' is assigned a value but never used                    no-unused-vars
   4234:7   warning  'formResetMixin' is assigned a value but never used          no-unused-vars
   4311:22  warning  Unexpected control character(s) in regular expression: \x1f  no-control-regex
   4369:7   warning  'keycode' is assigned a value but never used                 no-unused-vars
   4402:7   warning  'labels' is assigned a value but never used                  no-unused-vars
   4455:7   warning  'scrollParent' is assigned a value but never used            no-unused-vars
   4492:7   warning  'tabbable' is assigned a value but never used                no-unused-vars
   4516:7   warning  'uniqueId' is assigned a value but never used                no-unused-vars
   4558:7   warning  'widgetsAccordion' is assigned a value but never used        no-unused-vars
   5187:7   warning  'safeActiveElement' is assigned a value but never used       no-unused-vars
   5233:7   warning  'widgetsMenu' is assigned a value but never used             no-unused-vars
   5939:13  warning  Unnecessary escape character: \-                             no-useless-escape
   5939:15  warning  Unnecessary escape character: \[                             no-useless-escape
   5939:30  warning  Unnecessary escape character: \^                             no-useless-escape
   6581:30  warning  Unnecessary escape character: \-                             no-useless-escape
   6581:32  warning  Unnecessary escape character: \[                             no-useless-escape
   6581:47  warning  Unnecessary escape character: \^                             no-useless-escape
   6626:7   warning  'widgetsAutocomplete' is assigned a value but never used     no-unused-vars
   6648:7   warning  'widgetsControlgroup' is assigned a value but never used     no-unused-vars
   7239:7   warning  'widgetsCheckboxradio' is assigned a value but never used    no-unused-vars
   7686:7   warning  'widgetsButton' is assigned a value but never used           no-unused-vars
   7921:51  warning  Unnecessary escape character: \-                             no-useless-escape
   8620:23  warning  Empty block statement                                        no-empty
   9326:18  warning  Unexpected constant condition                                no-constant-condition
   9623:27  warning  Unnecessary escape character: \-                             no-useless-escape
  10293:40  warning  Unnecessary escape character: \-                             no-useless-escape
  10295:32  warning  Unnecessary escape character: \-                             no-useless-escape
  10435:35  warning  Unnecessary escape character: \-                             no-useless-escape
  10438:35  warning  Unnecessary escape character: \-                             no-useless-escape
  10603:7   warning  'widgetsDatepicker' is assigned a value but never used       no-unused-vars
  10606:7   warning  'ie' is assigned a value but never used                      no-unused-vars
  10627:7   warning  'widgetsMouse' is assigned a value but never used            no-unused-vars
  10835:7   warning  'plugin' is assigned a value but never used                  no-unused-vars
  10868:7   warning  'safeBlur' is assigned a value but never used                no-unused-vars
  12169:7   warning  'widgetsDraggable' is assigned a value but never used        no-unused-vars
  13428:7   warning  'widgetsResizable' is assigned a value but never used        no-unused-vars
  14383:7   warning  'widgetsDialog' is assigned a value but never used           no-unused-vars
  14902:7   warning  'widgetsDroppable' is assigned a value but never used        no-unused-vars
  14924:7   warning  'widgetsProgressbar' is assigned a value but never used      no-unused-vars
  15081:7   warning  'widgetsSelectable' is assigned a value but never used       no-unused-vars
  15399:7   warning  'widgetsSelectmenu' is assigned a value but never used       no-unused-vars
  16098:7   warning  'widgetsSlider' is assigned a value but never used           no-unused-vars
  16890:7   warning  'widgetsSortable' is assigned a value but never used         no-unused-vars
  17501:33  warning  Unnecessary escape character: \-                             no-useless-escape
  19078:15  warning  'Globalize' is not defined                                   no-undef
  19089:11  warning  'Globalize' is not defined                                   no-undef
  19209:7   warning  'widgetsSpinner' is assigned a value but never used          no-unused-vars
  19265:25  warning  Empty block statement                                        no-empty
  19268:25  warning  Empty block statement                                        no-empty
  19507:38  warning  Unnecessary escape character: \/                             no-useless-escape
  19507:47  warning  Unnecessary escape character: \[                             no-useless-escape
  19507:51  warning  Unnecessary escape character: \^                             no-useless-escape
  20132:7   warning  'widgetsTabs' is assigned a value but never used             no-unused-vars
  20643:7   warning  'widgetsTooltip' is assigned a value but never used          no-unused-vars

/home/runner/work/exp-position-analysis-elliptical-trammel-nitk/exp-position-analysis-elliptical-trammel-nitk/experiment/simulation/js/jquery.ui.touch-punch.js
  174:4  warning  'jQuery' is not defined  no-undef

/home/runner/work/exp-position-analysis-elliptical-trammel-nitk/exp-position-analysis-elliptical-trammel-nitk/experiment/simulation/js/jquery.ui.touch-punch.min.js
  81:4  warning  'jQuery' is not defined  no-undef

/home/runner/work/exp-position-analysis-elliptical-trammel-nitk/exp-position-analysis-elliptical-trammel-nitk/experiment/simulation/js/script.js
    4:5   warning  'commenttext' is assigned a value but never used  no-unused-vars
    5:5   warning  'commentloc' is assigned a value but never used   no-unused-vars
    7:17  warning  'point' is not defined                            no-undef
    8:13  warning  'point' is not defined                            no-undef
    9:13  warning  'point' is not defined                            no-undef
   10:13  warning  'point' is not defined                            no-undef
   22:5   warning  'time' is assigned a value but never used         no-unused-vars
   29:5   warning  'legendCS' is assigned a value but never used     no-unused-vars
   30:5   warning  'quickrefCS' is assigned a value but never used   no-unused-vars
   44:10  warning  'editcss' is defined but never used               no-unused-vars
   45:3   warning  '$' is not defined                                no-undef
   46:3   warning  '$' is not defined                                no-undef
   47:3   warning  '$' is not defined                                no-undef
   48:3   warning  '$' is not defined                                no-undef
   49:3   warning  '$' is not defined                                no-undef
   50:3   warning  '$' is not defined                                no-undef
   51:3   warning  '$' is not defined                                no-undef
   57:10  warning  'startsim' is defined but never used              no-unused-vars
   62:10  warning  'simstate' is defined but never used              no-unused-vars
   72:5   warning  '$' is not defined                                no-undef
  108:10  warning  'rotstate' is defined but never used              no-unused-vars
  166:10  warning  'varinit' is defined but never used               no-unused-vars
  169:3   warning  '$' is not defined                                no-undef
  170:3   warning  '$' is not defined                                no-undef
  172:3   warning  '$' is not defined                                no-undef
  173:3   warning  '$' is not defined                                no-undef
  175:3   warning  '$' is not defined                                no-undef
  176:3   warning  '$' is not defined                                no-undef
  183:3   warning  '$' is not defined                                no-undef
  184:3   warning  '$' is not defined                                no-undef
  187:3   warning  '$' is not defined                                no-undef
  188:5   warning  '$' is not defined                                no-undef
  193:3   warning  '$' is not defined                                no-undef
  194:5   warning  '$' is not defined                                no-undef
  199:3   warning  '$' is not defined                                no-undef
  205:3   warning  '$' is not defined                                no-undef
  206:3   warning  '$' is not defined                                no-undef
  209:3   warning  '$' is not defined                                no-undef
  210:5   warning  '$' is not defined                                no-undef
  215:3   warning  '$' is not defined                                no-undef
  216:5   warning  '$' is not defined                                no-undef
  221:3   warning  '$' is not defined                                no-undef
  227:3   warning  '$' is not defined                                no-undef
  228:3   warning  '$' is not defined                                no-undef
  231:3   warning  '$' is not defined                                no-undef
  232:5   warning  '$' is not defined                                no-undef
  234:3   warning  '$' is not defined                                no-undef
  235:5   warning  '$' is not defined                                no-undef
  238:3   warning  '$' is not defined                                no-undef
  249:3   warning  '$' is not defined                                no-undef
  249:34  warning  '$' is not defined                                no-undef
  250:3   warning  '$' is not defined                                no-undef
  250:34  warning  '$' is not defined                                no-undef
  251:3   warning  '$' is not defined                                no-undef
  251:37  warning  '$' is not defined                                no-undef
  253:7   warning  '$' is not defined                                no-undef
  254:8   warning  '$' is not defined                                no-undef
  261:5   warning  '$' is not defined                                no-undef
  262:5   warning  '$' is not defined                                no-undef
  266:5   warning  '$' is not defined                                no-undef
  267:5   warning  '$' is not defined                                no-undef
  268:13  warning  '$' is not defined                                no-undef
  276:28  warning  'rad' is not defined                              no-undef
  279:27  warning  'rad' is not defined                              no-undef
  280:39  warning  'rad' is not defined                              no-undef
  281:39  warning  'rad' is not defined                              no-undef
  291:7   warning  'pointtrans' is not defined                       no-undef
  292:7   warning  'pointtrans' is not defined                       no-undef
  293:7   warning  'pointtrans' is not defined                       no-undef
  300:3   warning  'drawrect' is not defined                         no-undef
  301:3   warning  'drawrect' is not defined                         no-undef
  303:3   warning  'pointjoin' is not defined                        no-undef
  304:3   warning  'pointjoin' is not defined                        no-undef
  306:3   warning  'pointdisp' is not defined                        no-undef
  307:3   warning  'pointdisp' is not defined                        no-undef
  308:3   warning  'pointdisp' is not defined                        no-undef
  311:5   warning  'pointtrace' is not defined                       no-undef
  314:5   warning  'pointtrace' is not defined                       no-undef
  356:38  warning  'rad' is not defined                              no-undef
  356:65  warning  'rad' is not defined                              no-undef
  357:34  warning  'rad' is not defined                              no-undef
  358:9   warning  'pointtrans' is not defined                       no-undef
  364:5   warning  'pointtrace' is not defined                       no-undef
  388:5   warning  'drawArrow' is not defined                        no-undef
  399:5   warning  'drawArrow' is not defined                        no-undef
  410:5   warning  'drawArrow' is not defined                        no-undef
  421:5   warning  'drawArrow' is not defined                        no-undef
  448:10  warning  'popellipse' is defined but never used            no-unused-vars

✖ 217 problems (1 error, 216 warnings)

